INIT 2025-10-23T16:55:37 user=NT AUTHORITY\SYSTEM
...
2025-10-22 15:26:32,877 INFO - Market closed for 61407s; exiting (scheduler will wake 5m pre-open)
2025-10-22 15:26:47,364 INFO - Starting bot for TSLA interval=3600.0s (1.000h) max_cap=$100.00
2025-10-22 15:26:56,888 INFO - Projection (public hist @3600s): trades/day=6.07 expected_daily=$-2.02 (trials=96)
2025-10-22 15:26:58,343 INFO - Market closed for 61382s; exiting (scheduler will wake 5m pre-open)
2025-10-22 15:27:13,472 INFO - Starting bot for TSLA interval=3600.0s (1.000h) max_cap=$100.00
2025-10-22 15:27:27,854 INFO - Projection (public hist @3600s): trades/day=6.07 expected_daily=$-2.02 (trials=96)
2025-10-22 15:27:29,519 INFO - Market closed for 61350s; exiting (scheduler will wake 5m pre-open)
2025-10-22 15:27:43,424 INFO - Starting bot for TSLA interval=3600.0s (1.000h) max_cap=$100.00
2025-10-22 15:27:59,346 INFO - Projection (public hist @3600s): trades/day=6.07 expected_daily=$-2.02 (trials=96)
2025-10-22 15:28:01,171 INFO - Market closed for 61319s; exiting (scheduler will wake 5m pre-open)
2025-10-22 15:28:15,114 INFO - Starting bot for TSLA interval=3600.0s (1.000h) max_cap=$100.00
2025-10-22 15:28:29,650 INFO - Projection (public hist @3600s): trades/day=6.07 expected_daily=$-2.02 (trials=96)
2025-10-22 15:28:31,385 INFO - Market closed for 61289s; exiting (scheduler will wake 5m pre-open)
2025-10-22 15:28:45,289 INFO - Starting bot for TSLA interval=3600.0s (1.000h) max_cap=$100.00
2025-10-22 15:28:55,283 INFO - Projection (public hist @3600s): trades/day=6.07 expected_daily=$-2.02 (trials=96)
2025-10-22 15:28:56,949 INFO - Market closed for 61263s; exiting (scheduler will wake 5m pre-open)
2025-10-22 15:29:28,519 INFO - Starting bot for TSLA interval=3600.0s (1.000h) max_cap=$100.00
2025-10-22 15:29:37,945 INFO - Projection (public hist @3600s): trades/day=6.07 expected_daily=$-2.02 (trials=96)
2025-10-22 15:29:39,641 INFO - Market closed. Sleeping 60920s until 5m before open
2025-10-23 08:25:01,330 INFO - Pre-open window: sleeping 299s until open (keeping system awake)
2025-10-23 08:30:02,836 INFO - Decision=sell confidence=-0.1828 price=420.0000 short_ma=422.7589 long_ma=431.5230
2025-10-23 08:30:02,978 INFO - Sell result: ok=False msg=no position
2025-10-23 09:30:02,580 INFO - Decision=sell confidence=-0.1486 price=424.4599 short_ma=423.6383 long_ma=430.7484
2025-10-23 09:30:02,705 INFO - Sell result: ok=False msg=no position
2025-10-23 10:30:02,600 INFO - Decision=sell confidence=-0.1180 price=430.8300 short_ma=424.5422 long_ma=430.1839
2025-10-23 10:30:02,728 INFO - Sell result: ok=False msg=no position
2025-10-23 11:30:02,796 INFO - Decision=sell confidence=-0.0762 price=436.3500 short_ma=426.4477 long_ma=430.0896
2025-10-23 11:30:02,922 INFO - Sell result: ok=False msg=no position
2025-10-23 12:30:02,895 INFO - Decision=sell confidence=-0.0209 price=446.1501 short_ma=429.6658 long_ma=430.6650
2025-10-23 12:30:03,022 INFO - Sell result: ok=False msg=no position
2025-10-23 13:30:09,737 INFO - Decision=buy confidence=0.0268 price=448.2582 short_ma=432.3012 long_ma=431.0159
2025-10-23 13:30:09,803 ERROR - has_open_order failed for TSLA
Traceback (most recent call last):
  File "C:\Users\carte\OneDrive\Desktop\Code\Paper-Trading\runner.py", line 463, in has_open_order
    orders = client.get_orders(status='open', limit=50)
             ^^^^^^^^^^^^^^^^^
AttributeError: 'REST' object has no attribute 'get_orders'. Did you mean: 'get_order'?
2025-10-23 13:30:10,056 INFO - Submitting market BUY TSLA qty=0.002875
2025-10-23 13:30:10,201 INFO - Submitting limit SELL TSLA qty=0.002875 limit=462.08
2025-10-23 13:30:10,266 ERROR - submit_tp_sl failed
Traceback (most recent call last):
  File "C:\Users\carte\OneDrive\Desktop\Code\Paper-Trading\runner.py", line 511, in submit_tp_sl
    tp_order = place_limit_order(client, symbol, qty, tp_price, side="sell")
               ^^^^^^^^^^^^^^^^^^^^^^^^^^^^^^^^^^^^^^^^^^^^^^^^^^^^^^^^^^^^^
  File "C:\Users\carte\OneDrive\Desktop\Code\Paper-Trading\runner.py", line 497, in place_limit_order
    order = client.submit_order(symbol=symbol, qty=str(qty), side=side, type="limit", time_in_force="gtc", limit_price=str(price))
            ^^^^^^^^^^^^^^^^^^^^^^^^^^^^^^^^^^^^^^^^^^^^^^^^^^^^^^^^^^^^^^^^^^^^^^^^^^^^^^^^^^^^^^^^^^^^^^^^^^^^^^^^^^^^^^^^^^^^^^
  File "C:\Python312\Lib\site-packages\alpaca_trade_api\rest.py", line 433, in submit_order
    resp = self.post('/orders', params)
           ^^^^^^^^^^^^^^^^^^^^^^^^^^^^
  File "C:\Python312\Lib\site-packages\alpaca_trade_api\rest.py", line 257, in post
    return self._request('POST', path, data)
           ^^^^^^^^^^^^^^^^^^^^^^^^^^^^^^^^^
  File "C:\Python312\Lib\site-packages\alpaca_trade_api\rest.py", line 222, in _request
    return self._one_request(method, url, opts, retry)
           ^^^^^^^^^^^^^^^^^^^^^^^^^^^^^^^^^^^^^^^^^^^
  File "C:\Python312\Lib\site-packages\alpaca_trade_api\rest.py", line 248, in _one_request
    raise_api_error(resp, http_error)
  File "C:\Python312\Lib\site-packages\alpaca_trade_api\rest.py", line 83, in raise_api_error
    raise APIError(error, http_error) from None
alpaca_trade_api.rest.APIError: fractional orders must be DAY orders
2025-10-23 13:30:10,308 INFO - Bought 0.002875 @ 448.4440 tp=3.04 sl=0.99 frac=0.480 vol=0.0055
2025-10-23 13:30:10,308 INFO - Buy result: ok=True msg=bought 0.002875 @ 448.444
2025-10-23 13:30:10,371 INFO - Snapshot: qty=0.002875 mkt=1.29 unreal_pl=-0.00
2025-10-23 14:30:09,572 INFO - Decision=buy confidence=0.0618 price=446.8400 short_ma=434.1869 long_ma=431.2264
2025-10-23 14:30:09,655 ERROR - has_open_order failed for TSLA
Traceback (most recent call last):
  File "C:\Users\carte\OneDrive\Desktop\Code\Paper-Trading\runner.py", line 463, in has_open_order
    orders = client.get_orders(status='open', limit=50)
             ^^^^^^^^^^^^^^^^^
AttributeError: 'REST' object has no attribute 'get_orders'. Did you mean: 'get_order'?
2025-10-23 14:30:09,817 INFO - Submitting market BUY TSLA qty=0.006668
2025-10-23 14:30:09,942 INFO - Submitting limit SELL TSLA qty=0.006668 limit=460.5
2025-10-23 14:30:10,005 ERROR - submit_tp_sl failed
Traceback (most recent call last):
  File "C:\Users\carte\OneDrive\Desktop\Code\Paper-Trading\runner.py", line 511, in submit_tp_sl
    tp_order = place_limit_order(client, symbol, qty, tp_price, side="sell")
               ^^^^^^^^^^^^^^^^^^^^^^^^^^^^^^^^^^^^^^^^^^^^^^^^^^^^^^^^^^^^^
  File "C:\Users\carte\OneDrive\Desktop\Code\Paper-Trading\runner.py", line 497, in place_limit_order
    order = client.submit_order(symbol=symbol, qty=str(qty), side=side, type="limit", time_in_force="gtc", limit_price=str(price))
            ^^^^^^^^^^^^^^^^^^^^^^^^^^^^^^^^^^^^^^^^^^^^^^^^^^^^^^^^^^^^^^^^^^^^^^^^^^^^^^^^^^^^^^^^^^^^^^^^^^^^^^^^^^^^^^^^^^^^^^
  File "C:\Python312\Lib\site-packages\alpaca_trade_api\rest.py", line 433, in submit_order
    resp = self.post('/orders', params)
           ^^^^^^^^^^^^^^^^^^^^^^^^^^^^
  File "C:\Python312\Lib\site-packages\alpaca_trade_api\rest.py", line 257, in post
    return self._request('POST', path, data)
           ^^^^^^^^^^^^^^^^^^^^^^^^^^^^^^^^^
  File "C:\Python312\Lib\site-packages\alpaca_trade_api\rest.py", line 222, in _request
    return self._one_request(method, url, opts, retry)
           ^^^^^^^^^^^^^^^^^^^^^^^^^^^^^^^^^^^^^^^^^^^
  File "C:\Python312\Lib\site-packages\alpaca_trade_api\rest.py", line 248, in _one_request
    raise_api_error(resp, http_error)
  File "C:\Python312\Lib\site-packages\alpaca_trade_api\rest.py", line 83, in raise_api_error
    raise APIError(error, http_error) from None
alpaca_trade_api.rest.APIError: fractional orders must be DAY orders
2025-10-23 14:30:10,006 INFO - Bought 0.006668 @ 446.6900 tp=3.09 sl=0.98 frac=0.489 vol=0.0055
2025-10-23 14:30:10,006 INFO - Buy result: ok=True msg=bought 0.006668 @ 446.69
2025-10-23 14:30:10,068 INFO - Snapshot: qty=0.009543 mkt=4.26 unreal_pl=-0.01
2025-10-23 16:55:41,292 INFO - Starting bot for TSLA interval=3600.0s (1.000h) max_cap=$100.00
2025-10-23 16:55:50,986 INFO - Projection (public hist @3600s): trades/day=6.07 expected_daily=$-2.01 (trials=95)
2025-10-23 16:55:52,542 INFO - Market closed. Sleeping 55747s until 5m before open
